<?xml version="1.0" encoding="UTF-8"?>
<!-- Generated by org.testng.reporters.JUnitReportReporter -->
<testsuite hostname="intel" failures="0" tests="1" name="All_Pdfs.kraton_products_kraton_fg1901_g" time="37.224" errors="0" timestamp="2022-09-23T14:20:11 IST" skipped="0">
  <testcase classname="All_Pdfs.kraton_products_kraton_fg1901_g" name="extraction" time="37.224"/>
  <system-out/>
</testsuite> <!-- All_Pdfs.kraton_products_kraton_fg1901_g -->
