<?xml version="1.0" encoding="UTF-8"?>
<!-- Generated by org.testng.reporters.JUnitReportReporter -->
<testsuite hostname="intel" failures="0" tests="2" name="qa.MavenJava.RestAPITest" time="0.001" errors="0" timestamp="2022-09-02T12:27:37 IST" skipped="0">
  <testcase classname="qa.MavenJava.RestAPITest" name="GetApi" time="0.000"/>
  <system-out/>
  <testcase classname="qa.MavenJava.RestAPITest" name="PostApi" time="0.001"/>
  <system-out/>
</testsuite> <!-- qa.MavenJava.RestAPITest -->
