<?xml version="1.0" encoding="UTF-8"?>
<!-- Generated by org.testng.reporters.JUnitReportReporter -->
<testsuite hostname="intel" failures="0" tests="1" name="All_Pdfs.sasol_products_lipoxol_6000_med_powder" time="30.055" errors="0" timestamp="2022-09-23T17:11:44 IST" skipped="0">
  <testcase classname="All_Pdfs.sasol_products_lipoxol_6000_med_powder" name="extraction" time="30.055"/>
  <system-out/>
</testsuite> <!-- All_Pdfs.sasol_products_lipoxol_6000_med_powder -->
