<?xml version="1.0" encoding="UTF-8"?>
<!-- Generated by org.testng.reporters.JUnitReportReporter -->
<testsuite hostname="intel" failures="0" tests="1" name="All_Pdfs.allnex_products_phenodur_pr_285_55ib_b" time="30.237" errors="0" timestamp="2022-09-23T16:40:01 IST" skipped="0">
  <testcase classname="All_Pdfs.allnex_products_phenodur_pr_285_55ib_b" name="extraction" time="30.237"/>
  <system-out/>
</testsuite> <!-- All_Pdfs.allnex_products_phenodur_pr_285_55ib_b -->
