<?xml version="1.0" encoding="UTF-8"?>
<!-- Generated by org.testng.reporters.JUnitReportReporter -->
<testsuite hostname="intel" failures="0" tests="1" name="All_Pdfs.mitsubishi_chemical_products_jer_yx8040" time="35.457" errors="0" timestamp="2022-09-23T14:00:26 IST" skipped="0">
  <testcase classname="All_Pdfs.mitsubishi_chemical_products_jer_yx8040" name="extraction" time="35.457"/>
  <system-out/>
</testsuite> <!-- All_Pdfs.mitsubishi_chemical_products_jer_yx8040 -->
