<?xml version="1.0" encoding="UTF-8"?>
<!-- Generated by org.testng.reporters.JUnitReportReporter -->
<testsuite hostname="intel" failures="0" tests="1" name="All_Pdfs.allnex_products_allnex_setaqua_6756" time="34.309" errors="0" timestamp="2022-09-23T16:37:12 IST" skipped="0">
  <testcase classname="All_Pdfs.allnex_products_allnex_setaqua_6756" name="extraction" time="34.309"/>
  <system-out/>
</testsuite> <!-- All_Pdfs.allnex_products_allnex_setaqua_6756 -->
