<?xml version="1.0" encoding="UTF-8"?>
<!-- Generated by org.testng.reporters.JUnitReportReporter -->
<testsuite hostname="intel" failures="0" tests="1" name="All_Pdfs.allnex_products_additol_xl_255_n" time="51.389" errors="0" timestamp="2022-09-23T12:53:58 IST" skipped="0">
  <testcase classname="All_Pdfs.allnex_products_additol_xl_255_n" name="extraction" time="51.389"/>
  <system-out/>
</testsuite> <!-- All_Pdfs.allnex_products_additol_xl_255_n -->
