<?xml version="1.0" encoding="UTF-8"?>
<!-- Generated by org.testng.reporters.JUnitReportReporter -->
<testsuite hostname="intel" failures="0" tests="1" name="All_Pdfs.allnex_products_additol_vxl_4950" time="31.816" errors="0" timestamp="2022-09-23T14:04:59 IST" skipped="0">
  <testcase classname="All_Pdfs.allnex_products_additol_vxl_4950" name="extraction" time="31.816"/>
  <system-out/>
</testsuite> <!-- All_Pdfs.allnex_products_additol_vxl_4950 -->
