<?xml version="1.0" encoding="UTF-8"?>
<!-- Generated by org.testng.reporters.JUnitReportReporter -->
<testsuite hostname="intel" failures="0" tests="1" name="qa.MavenJava.ScrapDemo" time="32.093" errors="0" timestamp="2022-09-20T12:23:07 IST" skipped="0">
  <testcase classname="qa.MavenJava.ScrapDemo" name="Scrapdemo" time="32.093"/>
  <system-out/>
</testsuite> <!-- qa.MavenJava.ScrapDemo -->
