<?xml version="1.0" encoding="UTF-8"?>
<!-- Generated by org.testng.reporters.JUnitReportReporter -->
<testsuite hostname="intel" failures="0" tests="1" name="qa.MavenJava.isofol28pdf" time="39.554" errors="0" timestamp="2022-09-23T12:08:39 IST" skipped="0">
  <testcase classname="qa.MavenJava.isofol28pdf" name="extraction" time="39.554"/>
  <system-out/>
</testsuite> <!-- qa.MavenJava.isofol28pdf -->
