<?xml version="1.0" encoding="UTF-8"?>
<!-- Generated by org.testng.reporters.JUnitReportReporter -->
<testsuite hostname="intel" failures="0" tests="2" name="qa.MavenJava.AppiumTest" time="0.008" errors="0" timestamp="2022-09-02T12:27:37 IST" skipped="0">
  <testcase classname="qa.MavenJava.AppiumTest" name="MobileTest" time="0.007"/>
  <system-out/>
  <testcase classname="qa.MavenJava.AppiumTest" name="TabTest" time="0.001"/>
  <system-out/>
</testsuite> <!-- qa.MavenJava.AppiumTest -->
