<?xml version="1.0" encoding="UTF-8"?>
<!-- Generated by org.testng.reporters.JUnitReportReporter -->
<testsuite hostname="intel" failures="0" tests="1" name="qa.MavenJava.Csharp" time="199.711" errors="0" timestamp="2022-09-29T12:40:02 IST" skipped="0">
  <testcase classname="qa.MavenJava.Csharp" name="openWeb" time="199.711"/>
  <system-out/>
</testsuite> <!-- qa.MavenJava.Csharp -->
