<?xml version="1.0" encoding="UTF-8"?>
<!-- Generated by org.testng.reporters.JUnitReportReporter -->
<testsuite hostname="intel" failures="0" tests="1" name="All_Pdfs.mitsubishi_jer_yx7105" time="39.205" errors="0" timestamp="2022-09-23T12:24:54 IST" skipped="0">
  <testcase classname="All_Pdfs.mitsubishi_jer_yx7105" name="extraction" time="39.205"/>
  <system-out/>
</testsuite> <!-- All_Pdfs.mitsubishi_jer_yx7105 -->
