<?xml version="1.0" encoding="UTF-8"?>
<!-- Generated by org.testng.reporters.JUnitReportReporter -->
<testsuite hostname="intel" failures="0" tests="1" name="All_Pdfs.sasol_products_sasol_dispal_28ac2" time="35.650" errors="0" timestamp="2022-09-23T14:22:52 IST" skipped="0">
  <testcase classname="All_Pdfs.sasol_products_sasol_dispal_28ac2" name="extraction" time="35.650"/>
  <system-out/>
</testsuite> <!-- All_Pdfs.sasol_products_sasol_dispal_28ac2 -->
