<?xml version="1.0" encoding="UTF-8"?>
<!-- Generated by org.testng.reporters.JUnitReportReporter -->
<testsuite hostname="intel" failures="0" tests="1" name="All_Pdfs.sasol_products_isofol_28" time="36.679" errors="0" timestamp="2022-09-23T17:41:03 IST" skipped="0">
  <testcase classname="All_Pdfs.sasol_products_isofol_28" name="extraction" time="36.679"/>
  <system-out/>
</testsuite> <!-- All_Pdfs.sasol_products_isofol_28 -->
