<?xml version="1.0" encoding="UTF-8"?>
<!-- Generated by org.testng.reporters.JUnitReportReporter -->
<testsuite hostname="intel" failures="0" tests="1" name="All_Pdfs.sasol_products_lipoxol_300_med" time="39.091" errors="0" timestamp="2022-09-23T17:33:51 IST" skipped="0">
  <testcase classname="All_Pdfs.sasol_products_lipoxol_300_med" name="extraction" time="39.091"/>
  <system-out/>
</testsuite> <!-- All_Pdfs.sasol_products_lipoxol_300_med -->
