<?xml version="1.0" encoding="UTF-8"?>
<!-- Generated by org.testng.reporters.JUnitReportReporter -->
<testsuite hostname="intel" failures="0" tests="1" name="qa.MavenJava.newnewpdf" time="34.170" errors="0" timestamp="2022-10-04T16:20:00 IST" skipped="0">
  <testcase classname="qa.MavenJava.newnewpdf" name="openpdf" time="34.170"/>
  <system-out/>
</testsuite> <!-- qa.MavenJava.newnewpdf -->
