<?xml version="1.0" encoding="UTF-8"?>
<!-- Generated by org.testng.reporters.JUnitReportReporter -->
<testsuite hostname="intel" failures="0" tests="1" name="qa.MavenJava.FinalPdf" time="76.615" errors="0" timestamp="2022-10-04T16:27:22 IST" skipped="0">
  <testcase classname="qa.MavenJava.FinalPdf" name="openpdf" time="76.615"/>
  <system-out/>
</testsuite> <!-- qa.MavenJava.FinalPdf -->
