<?xml version="1.0" encoding="UTF-8"?>
<!-- Generated by org.testng.reporters.JUnitReportReporter -->
<testsuite hostname="intel" failures="0" tests="1" name="All_Pdfs.dytek_bhmt" time="49.646" errors="0" timestamp="2022-10-03T17:52:34 IST" skipped="0">
  <testcase classname="All_Pdfs.dytek_bhmt" name="extraction" time="49.646"/>
  <system-out/>
</testsuite> <!-- All_Pdfs.dytek_bhmt -->
