<?xml version="1.0" encoding="UTF-8"?>
<!-- Generated by org.testng.reporters.JUnitReportReporter -->
<testsuite hostname="intel" failures="0" tests="1" name="All_Pdfs.mitsubishi_jer_4250" time="36.460" errors="0" timestamp="2022-09-23T13:36:58 IST" skipped="0">
  <testcase classname="All_Pdfs.mitsubishi_jer_4250" name="extraction" time="36.460"/>
  <system-out/>
</testsuite> <!-- All_Pdfs.mitsubishi_jer_4250 -->
