<?xml version="1.0" encoding="UTF-8"?>
<!-- Generated by org.testng.reporters.JUnitReportReporter -->
<testsuite hostname="intel" failures="0" tests="1" name="qa.MavenJava.DemoDemo" time="25.904" errors="0" timestamp="2022-09-19T18:33:00 IST" skipped="0">
  <testcase classname="qa.MavenJava.DemoDemo" name="DemoDemo" time="25.904"/>
  <system-out/>
</testsuite> <!-- qa.MavenJava.DemoDemo -->
