<?xml version="1.0" encoding="UTF-8"?>
<!-- Generated by org.testng.reporters.JUnitReportReporter -->
<testsuite hostname="intel" failures="0" tests="1" name="All_Pdfs.allnex_products_cycat_4045_catalyst" time="36.625" errors="0" timestamp="2022-09-23T16:32:31 IST" skipped="0">
  <testcase classname="All_Pdfs.allnex_products_cycat_4045_catalyst" name="extraction" time="36.625"/>
  <system-out/>
</testsuite> <!-- All_Pdfs.allnex_products_cycat_4045_catalyst -->
