<?xml version="1.0" encoding="UTF-8"?>
<!-- Generated by org.testng.reporters.JUnitReportReporter -->
<testsuite hostname="intel" failures="0" tests="1" name="All_Pdfs.ez_BloxPdf" time="30.620" errors="0" timestamp="2022-09-23T12:19:55 IST" skipped="0">
  <testcase classname="All_Pdfs.ez_BloxPdf" name="extraction" time="30.620"/>
  <system-out/>
</testsuite> <!-- All_Pdfs.ez_BloxPdf -->
