<?xml version="1.0" encoding="UTF-8"?>
<!-- Generated by org.testng.reporters.JUnitReportReporter -->
<testsuite hostname="intel" failures="0" tests="1" name="All_Pdfs.jubilant_life_sciences_acetaldehyde_bio_acetaldehyde" time="34.505" errors="0" timestamp="2022-09-23T16:20:30 IST" skipped="0">
  <testcase classname="All_Pdfs.jubilant_life_sciences_acetaldehyde_bio_acetaldehyde" name="extraction" time="34.505"/>
  <system-out/>
</testsuite> <!-- All_Pdfs.jubilant_life_sciences_acetaldehyde_bio_acetaldehyde -->
