<?xml version="1.0" encoding="UTF-8"?>
<!-- Generated by org.testng.reporters.JUnitReportReporter -->
<testsuite hostname="intel" failures="0" tests="1" name="All_Pdfs.munzing_products_lubranil_n_20" time="35.707" errors="0" timestamp="2022-09-23T14:10:57 IST" skipped="0">
  <testcase classname="All_Pdfs.munzing_products_lubranil_n_20" name="extraction" time="35.707"/>
  <system-out/>
</testsuite> <!-- All_Pdfs.munzing_products_lubranil_n_20 -->
