<?xml version="1.0" encoding="UTF-8"?>
<!-- Generated by org.testng.reporters.JUnitReportReporter -->
<testsuite hostname="intel" failures="0" tests="1" name="All_Pdfs.sasol_products_isofol_16" time="35.824" errors="0" timestamp="2022-09-23T14:08:19 IST" skipped="0">
  <testcase classname="All_Pdfs.sasol_products_isofol_16" name="extraction" time="35.824"/>
  <system-out/>
</testsuite> <!-- All_Pdfs.sasol_products_isofol_16 -->
