<?xml version="1.0" encoding="UTF-8"?>
<!-- Generated by org.testng.reporters.JUnitReportReporter -->
<testsuite hostname="intel" failures="0" tests="1" name="All_Pdfs.sasol_sasolwax_spray_105_g_ef" time="41.813" errors="0" timestamp="2022-09-23T12:29:58 IST" skipped="0">
  <testcase classname="All_Pdfs.sasol_sasolwax_spray_105_g_ef" name="extraction" time="41.813"/>
  <system-out/>
</testsuite> <!-- All_Pdfs.sasol_sasolwax_spray_105_g_ef -->
