<?xml version="1.0" encoding="UTF-8"?>
<!-- Generated by org.testng.reporters.JUnitReportReporter -->
<testsuite hostname="intel" failures="0" tests="1" name="All_Pdfs.allnex_products_modaflow_2100" time="30.302" errors="0" timestamp="2022-09-23T13:55:39 IST" skipped="0">
  <testcase classname="All_Pdfs.allnex_products_modaflow_2100" name="extraction" time="30.302"/>
  <system-out/>
</testsuite> <!-- All_Pdfs.allnex_products_modaflow_2100 -->
