<?xml version="1.0" encoding="UTF-8"?>
<!-- Generated by org.testng.reporters.JUnitReportReporter -->
<testsuite hostname="intel" failures="0" tests="1" name="All_Pdfs.sasol_products_isofol_24" time="38.430" errors="0" timestamp="2022-09-23T17:06:04 IST" skipped="0">
  <testcase classname="All_Pdfs.sasol_products_isofol_24" name="extraction" time="38.430"/>
  <system-out/>
</testsuite> <!-- All_Pdfs.sasol_products_isofol_24 -->
