<?xml version="1.0" encoding="UTF-8"?>
<!-- Generated by org.testng.reporters.JUnitReportReporter -->
<testsuite hostname="intel" failures="0" tests="1" name="qa.MavenJava.sampleEndToEnd" time="41.052" errors="0" timestamp="2022-09-19T13:11:02 IST" skipped="0">
  <testcase classname="qa.MavenJava.sampleEndToEnd" name="EndToEnd" time="41.052"/>
  <system-out/>
</testsuite> <!-- qa.MavenJava.sampleEndToEnd -->
