<?xml version="1.0" encoding="UTF-8"?>
<!-- Generated by org.testng.reporters.JUnitReportReporter -->
<testsuite hostname="intel" failures="0" tests="1" name="All_Pdfs.advansix_acetone_nf_grade" time="36.598" errors="0" timestamp="2022-09-23T12:40:18 IST" skipped="0">
  <testcase classname="All_Pdfs.advansix_acetone_nf_grade" name="extraction" time="36.598"/>
  <system-out/>
</testsuite> <!-- All_Pdfs.advansix_acetone_nf_grade -->
