<?xml version="1.0" encoding="UTF-8"?>
<!-- Generated by org.testng.reporters.JUnitReportReporter -->
<testsuite hostname="intel" failures="0" tests="1" name="All_Pdfs.clariant_products_genapol_ed_3060" time="31.196" errors="0" timestamp="2022-09-23T16:08:38 IST" skipped="0">
  <testcase classname="All_Pdfs.clariant_products_genapol_ed_3060" name="extraction" time="31.196"/>
  <system-out/>
</testsuite> <!-- All_Pdfs.clariant_products_genapol_ed_3060 -->
