<?xml version="1.0" encoding="UTF-8"?>
<!-- Generated by org.testng.reporters.JUnitReportReporter -->
<testsuite hostname="intel" failures="0" tests="1" name="All_Pdfs.mitsubishi_chemical_products_jer_yx8000d" time="35.995" errors="0" timestamp="2022-09-23T17:37:19 IST" skipped="0">
  <testcase classname="All_Pdfs.mitsubishi_chemical_products_jer_yx8000d" name="extraction" time="35.995"/>
  <system-out/>
</testsuite> <!-- All_Pdfs.mitsubishi_chemical_products_jer_yx8000d -->
